<?xml version="1.0" encoding="UTF-8"?>
<testsuite xmlns:xsi="http://www.w3.org/2001/XMLSchema-instance" xsi:noNamespaceSchemaLocation="https://maven.apache.org/surefire/maven-surefire-plugin/xsd/surefire-test-report-3.0.xsd" version="3.0" name="com.paypilot.e2e.PaymentFlowE2eTest" time="0.003" tests="1" errors="0" skipped="1" failures="0">
  <properties/>
  <testcase name="merchantToPaymentToLedgerFlowIsDeterministic" classname="com.paypilot.e2e.PaymentFlowE2eTest" time="0.0">
    <skipped message="Enable after wiring service startup containers or local service endpoints for CI."/>
  </testcase>
</testsuite>