<?xml version="1.0" encoding="UTF-8"?>
<testsuite xmlns:xsi="http://www.w3.org/2001/XMLSchema-instance" xsi:noNamespaceSchemaLocation="https://maven.apache.org/surefire/maven-surefire-plugin/xsd/surefire-test-report-3.0.xsd" version="3.0" name="com.paypilot.gateway.ApiGatewayApplicationTest" time="7.279" tests="1" errors="0" skipped="0" failures="0">
  <properties>
[...]
</properties>
  <testcase name="contextLoads" classname="com.paypilot.gateway.ApiGatewayApplicationTest" time="1.207">
    <system-out><![CDATA[22:07:03.609 [main] INFO org.springframework.test.context.support.AnnotationConfigContextLoaderUtils -- Could not detect default configuration classes for test class [com.paypilot.gateway.ApiGatewayApplicationTest]: ApiGatewayApplicationTest does not declare any static, non-private, non-final, nested classes annotated with @Configuration.
22:07:03.810 [main] INFO org.springframework.boot.test.context.SpringBootTestContextBootstrapper -- Found @SpringBootConfiguration com.paypilot.gateway.ApiGatewayApplication for test class com.paypilot.gateway.ApiGatewayApplicationTest

  .   ____          _            __ _ _
 /\\ / ___'_ __ _ _(_)_ __  __ _ \ \ \ \
( ( )\___ | '_ | '_| | '_ \/ _` | \ \ \ \
 \\/  ___)| |_)| | | | | || (_| |  ) ) ) )
  '  |____| .__|_| |_|_| |_\__, | / / / /
 =========|_|==============|___/=/_/_/_/

 :: Spring Boot ::                (v3.3.5)

2026-06-04T22:07:04.752+05:30  INFO 6324 --- [api-gateway] [           main] c.p.gateway.ApiGatewayApplicationTest    : Starting ApiGatewayApplicationTest using Java 17.0.12 with PID 6324 (started by Administrator in C:\Users\Administrator\Desktop\BFSI\paypilot_sprint3-main\api-gateway)
2026-06-04T22:07:04.754+05:30  INFO 6324 --- [api-gateway] [           main] c.p.gateway.ApiGatewayApplicationTest    : No active profile set, falling back to 1 default profile: "default"
2026-06-04T22:07:06.995+05:30  INFO 6324 --- [api-gateway] [           main] o.s.cloud.context.scope.GenericScope     : BeanFactory id=5a432b5d-afe9-3413-b630-dca2608082ca
2026-06-04T22:07:08.187+05:30 DEBUG 6324 --- [api-gateway] [           main] o.s.c.gateway.config.GatewayProperties   : Routes supplied from Gateway Properties: [RouteDefinition{id='merchant-route', predicates=[PredicateDefinition{name='Path', args={_genkey_0=/api/v1/merchants/**}}], filters=[], uri=http://localhost:8081, order=0, metadata={}}, RouteDefinition{id='payment-route', predicates=[PredicateDefinition{name='Path', args={_genkey_0=/api/v1/payments/**}}], filters=[], uri=http://localhost:8082, order=0, metadata={}}, RouteDefinition{id='ledger-route', predicates=[PredicateDefinition{name='Path', args={_genkey_0=/api/v1/ledger/**}}], filters=[], uri=http://localhost:8083, order=0, metadata={}}]
2026-06-04T22:07:08.476+05:30  INFO 6324 --- [api-gateway] [           main] o.s.c.g.r.RouteDefinitionRouteLocator    : Loaded RoutePredicateFactory [After]
2026-06-04T22:07:08.477+05:30  INFO 6324 --- [api-gateway] [           main] o.s.c.g.r.RouteDefinitionRouteLocator    : Loaded RoutePredicateFactory [Before]
2026-06-04T22:07:08.477+05:30  INFO 6324 --- [api-gateway] [           main] o.s.c.g.r.RouteDefinitionRouteLocator    : Loaded RoutePredicateFactory [Between]
2026-06-04T22:07:08.477+05:30  INFO 6324 --- [api-gateway] [           main] o.s.c.g.r.RouteDefinitionRouteLocator    : Loaded RoutePredicateFactory [Cookie]
2026-06-04T22:07:08.477+05:30  INFO 6324 --- [api-gateway] [           main] o.s.c.g.r.RouteDefinitionRouteLocator    : Loaded RoutePredicateFactory [Header]
2026-06-04T22:07:08.477+05:30  INFO 6324 --- [api-gateway] [           main] o.s.c.g.r.RouteDefinitionRouteLocator    : Loaded RoutePredicateFactory [Host]
2026-06-04T22:07:08.477+05:30  INFO 6324 --- [api-gateway] [           main] o.s.c.g.r.RouteDefinitionRouteLocator    : Loaded RoutePredicateFactory [Method]
2026-06-04T22:07:08.477+05:30  INFO 6324 --- [api-gateway] [           main] o.s.c.g.r.RouteDefinitionRouteLocator    : Loaded RoutePredicateFactory [Path]
2026-06-04T22:07:08.478+05:30  INFO 6324 --- [api-gateway] [           main] o.s.c.g.r.RouteDefinitionRouteLocator    : Loaded RoutePredicateFactory [Query]
2026-06-04T22:07:08.478+05:30  INFO 6324 --- [api-gateway] [           main] o.s.c.g.r.RouteDefinitionRouteLocator    : Loaded RoutePredicateFactory [ReadBody]
2026-06-04T22:07:08.478+05:30  INFO 6324 --- [api-gateway] [           main] o.s.c.g.r.RouteDefinitionRouteLocator    : Loaded RoutePredicateFactory [RemoteAddr]
2026-06-04T22:07:08.478+05:30  INFO 6324 --- [api-gateway] [           main] o.s.c.g.r.RouteDefinitionRouteLocator    : Loaded RoutePredicateFactory [XForwardedRemoteAddr]
2026-06-04T22:07:08.479+05:30  INFO 6324 --- [api-gateway] [           main] o.s.c.g.r.RouteDefinitionRouteLocator    : Loaded RoutePredicateFactory [Weight]
2026-06-04T22:07:08.479+05:30  INFO 6324 --- [api-gateway] [           main] o.s.c.g.r.RouteDefinitionRouteLocator    : Loaded RoutePredicateFactory [CloudFoundryRouteService]
2026-06-04T22:07:08.910+05:30  INFO 6324 --- [api-gateway] [           main] o.s.b.a.e.web.EndpointLinksResolver      : Exposing 2 endpoints beneath base path '/actuator'
2026-06-04T22:07:09.351+05:30 DEBUG 6324 --- [api-gateway] [           main] o.s.c.g.r.RouteDefinitionRouteLocator    : RouteDefinition merchant-route applying {_genkey_0=/api/v1/merchants/**} to Path
2026-06-04T22:07:09.381+05:30 DEBUG 6324 --- [api-gateway] [           main] o.s.c.g.r.RouteDefinitionRouteLocator    : RouteDefinition matched: merchant-route
2026-06-04T22:07:09.381+05:30 DEBUG 6324 --- [api-gateway] [           main] o.s.c.g.r.RouteDefinitionRouteLocator    : RouteDefinition payment-route applying {_genkey_0=/api/v1/payments/**} to Path
2026-06-04T22:07:09.383+05:30 DEBUG 6324 --- [api-gateway] [           main] o.s.c.g.r.RouteDefinitionRouteLocator    : RouteDefinition matched: payment-route
2026-06-04T22:07:09.383+05:30 DEBUG 6324 --- [api-gateway] [           main] o.s.c.g.r.RouteDefinitionRouteLocator    : RouteDefinition ledger-route applying {_genkey_0=/api/v1/ledger/**} to Path
2026-06-04T22:07:09.384+05:30 DEBUG 6324 --- [api-gateway] [           main] o.s.c.g.r.RouteDefinitionRouteLocator    : RouteDefinition matched: ledger-route
2026-06-04T22:07:09.393+05:30 DEBUG 6324 --- [api-gateway] [           main] o.s.c.g.filter.GatewayMetricsFilter      : New routes count: 3
2026-06-04T22:07:09.396+05:30  INFO 6324 --- [api-gateway] [           main] c.p.gateway.ApiGatewayApplicationTest    : Started ApiGatewayApplicationTest in 5.314 seconds (process running for 6.984)
]]></system-out>
  </testcase>
</testsuite>